<?xml version="1.0" encoding="UTF-8"?>
<testng-results skipped="0" failed="0" ignored="0" total="1" passed="1">
  <reporter-output>
  </reporter-output>
  <suite name="Default suite" duration-ms="15826" started-at="2021-04-16T02:29:01Z" finished-at="2021-04-16T02:29:17Z">
    <groups>
    </groups>
    <test name="Default test" duration-ms="15826" started-at="2021-04-16T02:29:01Z" finished-at="2021-04-16T02:29:17Z">
      <class name="energy.TestClass">
        <test-method status="PASS" signature="initialize()[pri:0, instance:energy.TestClass@1e88b3c]" name="initialize" is-config="true" duration-ms="11531" started-at="2021-04-16T02:29:01Z" finished-at="2021-04-16T02:29:13Z">
          <reporter-output>
          </reporter-output>
        </test-method> <!-- initialize -->
        <test-method status="PASS" signature="CheckUrl()[pri:0, instance:energy.TestClass@1e88b3c]" name="CheckUrl" duration-ms="31" started-at="2021-04-16T02:29:13Z" finished-at="2021-04-16T02:29:13Z">
          <reporter-output>
          </reporter-output>
        </test-method> <!-- CheckUrl -->
        <test-method status="PASS" signature="quitBrowser()[pri:0, instance:energy.TestClass@1e88b3c]" name="quitBrowser" is-config="true" duration-ms="4192" started-at="2021-04-16T02:29:13Z" finished-at="2021-04-16T02:29:17Z">
          <reporter-output>
          </reporter-output>
        </test-method> <!-- quitBrowser -->
      </class> <!-- energy.TestClass -->
    </test> <!-- Default test -->
  </suite> <!-- Default suite -->
</testng-results>
